<?xml version="1.0" encoding="UTF-8"?>
<!-- Generated by org.testng.reporters.JUnitXMLReporter -->
<testsuite ignored="0" hostname="ThinkPad" failures="0" tests="2" name="Test" time="7.679" errors="0" timestamp="2023-08-12T10:09:47 PDT">
  <testcase classname="TestngBasics.ParallelTestingInTestNG" name="@AfterMethod closeBrowser" time="2.047">
    <failure type="java.lang.NullPointerException" message="Cannot invoke &amp;quot;org.openqa.selenium.WebDriver.close()&amp;quot; because &amp;quot;this.driver&amp;quot; is null">
      <![CDATA[java.lang.NullPointerException: Cannot invoke "org.openqa.selenium.WebDriver.close()" because "this.driver" is null
at TestngBasics.ParallelTestingInTestNG.closeBrowser(ParallelTestingInTestNG.java:43)
at java.base/java.util.concurrent.ThreadPoolExecutor.runWorker(ThreadPoolExecutor.java:1136)
at java.base/java.util.concurrent.ThreadPoolExecutor$Worker.run(ThreadPoolExecutor.java:635)
at java.base/java.lang.Thread.run(Thread.java:833)
... Removed 17 stack frames]]>
    </failure>
  </testcase> <!-- @AfterMethod closeBrowser -->
  <testcase classname="TestngBasics.ParallelTestingInTestNG" name="@AfterMethod closeBrowser" time="0.0">
    <skipped/>
  </testcase> <!-- @AfterMethod closeBrowser -->
  <testcase classname="TestngBasics.ParallelTestingInTestNG" name="method1" time="5.283"/>
  <testcase classname="TestngBasics.ParallelTestingInTestNG" name="method2" time="7.608"/>
</testsuite> <!-- Test -->
