<?xml version="1.0" encoding="UTF-8"?>
<testng-results ignored="0" total="2" passed="2" failed="0" skipped="0">
  <reporter-output>
  </reporter-output>
  <suite started-at="2023-08-12T10:09:40 PDT" name="Suite" finished-at="2023-08-12T10:09:47 PDT" duration-ms="7679">
    <groups>
    </groups>
    <test started-at="2023-08-12T10:09:40 PDT" name="Test" finished-at="2023-08-12T10:09:47 PDT" duration-ms="7679">
      <class name="TestngBasics.ParallelTestingInTestNG">
        <test-method signature="method2()[pri:0, instance:TestngBasics.ParallelTestingInTestNG@55b699ef]" started-at="2023-08-12T10:09:40 PDT" name="method2" finished-at="2023-08-12T10:09:47 PDT" duration-ms="7608" status="PASS">
          <reporter-output>
          </reporter-output>
        </test-method> <!-- method2 -->
        <test-method signature="method1()[pri:0, instance:TestngBasics.ParallelTestingInTestNG@55b699ef]" started-at="2023-08-12T10:09:40 PDT" name="method1" finished-at="2023-08-12T10:09:45 PDT" duration-ms="5283" status="PASS">
          <reporter-output>
          </reporter-output>
        </test-method> <!-- method1 -->
        <test-method is-config="true" signature="closeBrowser()[pri:0, instance:TestngBasics.ParallelTestingInTestNG@55b699ef]" started-at="2023-08-12T10:09:45 PDT" name="closeBrowser" finished-at="2023-08-12T10:09:47 PDT" duration-ms="2047" status="FAIL">
          <exception class="java.lang.NullPointerException">
            <message>
              <![CDATA[Cannot invoke "org.openqa.selenium.WebDriver.close()" because "this.driver" is null]]>
            </message>
            <full-stacktrace>
              <![CDATA[java.lang.NullPointerException: Cannot invoke "org.openqa.selenium.WebDriver.close()" because "this.driver" is null
at TestngBasics.ParallelTestingInTestNG.closeBrowser(ParallelTestingInTestNG.java:43)
at java.base/jdk.internal.reflect.NativeMethodAccessorImpl.invoke0(Native Method)
at java.base/jdk.internal.reflect.NativeMethodAccessorImpl.invoke(NativeMethodAccessorImpl.java:77)
at java.base/jdk.internal.reflect.DelegatingMethodAccessorImpl.invoke(DelegatingMethodAccessorImpl.java:43)
at java.base/java.lang.reflect.Method.invoke(Method.java:568)
at org.testng.internal.invokers.MethodInvocationHelper.invokeMethod(MethodInvocationHelper.java:139)
at org.testng.internal.invokers.MethodInvocationHelper.invokeMethodConsideringTimeout(MethodInvocationHelper.java:69)
at org.testng.internal.invokers.ConfigInvoker.invokeConfigurationMethod(ConfigInvoker.java:390)
at org.testng.internal.invokers.ConfigInvoker.invokeConfigurations(ConfigInvoker.java:325)
at org.testng.internal.invokers.TestInvoker.runConfigMethods(TestInvoker.java:810)
at org.testng.internal.invokers.TestInvoker.runAfterConfigurations(TestInvoker.java:779)
at org.testng.internal.invokers.TestInvoker.invokeMethod(TestInvoker.java:755)
at org.testng.internal.invokers.TestInvoker.invokeTestMethod(TestInvoker.java:227)
at org.testng.internal.invokers.MethodRunner.runInSequence(MethodRunner.java:50)
at org.testng.internal.invokers.TestInvoker$MethodInvocationAgent.invoke(TestInvoker.java:957)
at org.testng.internal.invokers.TestInvoker.invokeTestMethods(TestInvoker.java:200)
at org.testng.internal.invokers.TestMethodWorker.invokeTestMethods(TestMethodWorker.java:148)
at org.testng.internal.invokers.TestMethodWorker.run(TestMethodWorker.java:128)
at java.base/java.util.concurrent.ThreadPoolExecutor.runWorker(ThreadPoolExecutor.java:1136)
at java.base/java.util.concurrent.ThreadPoolExecutor$Worker.run(ThreadPoolExecutor.java:635)
at java.base/java.lang.Thread.run(Thread.java:833)
]]>
            </full-stacktrace>
          </exception> <!-- java.lang.NullPointerException -->
          <reporter-output>
          </reporter-output>
        </test-method> <!-- closeBrowser -->
        <test-method is-config="true" signature="closeBrowser()[pri:0, instance:TestngBasics.ParallelTestingInTestNG@55b699ef]" started-at="2023-08-12T10:09:47 PDT" name="closeBrowser" finished-at="2023-08-12T10:09:47 PDT" duration-ms="0" status="SKIP">
          <reporter-output>
          </reporter-output>
        </test-method> <!-- closeBrowser -->
      </class> <!-- TestngBasics.ParallelTestingInTestNG -->
    </test> <!-- Test -->
  </suite> <!-- Suite -->
</testng-results>
